
*** Running vivado
    with args -log main.vdi -applog -m64 -product Vivado -messageDb vivado.pb -mode batch -source main.tcl -notrace



****** Vivado v2022.2 (64-bit)
  **** SW Build 3671981 on Fri Oct 14 05:00:03 MDT 2022
  **** IP Build 3669848 on Fri Oct 14 08:30:02 MDT 2022
    ** Copyright 1986-2022 Xilinx, Inc. All Rights Reserved.

source main.tcl -notrace
Command: link_design -top main -part xc7a12ticsg325-1L
Design is defaulting to srcset: sources_1
Design is defaulting to constrset: constrs_1
INFO: [Device 21-403] Loading part xc7a12ticsg325-1L
Netlist sorting complete. Time (s): cpu = 00:00:00 ; elapsed = 00:00:00.004 . Memory (MB): peak = 768.969 ; gain = 0.000
INFO: [Netlist 29-17] Analyzing 91 Unisim elements for replacement
INFO: [Netlist 29-28] Unisim Transformation completed in 0 CPU seconds
INFO: [Project 1-479] Netlist was created with Vivado 2022.2
INFO: [Project 1-570] Preparing netlist for logic optimization
Parsing XDC File [D:/4th_semestr/fourth_semestr/Schematics/Pr_2/PR_2/PR_2.srcs/constrs_1/new/supmain.xdc]
Finished Parsing XDC File [D:/4th_semestr/fourth_semestr/Schematics/Pr_2/PR_2/PR_2.srcs/constrs_1/new/supmain.xdc]
INFO: [Opt 31-138] Pushed 0 inverter(s) to 0 load pin(s).
Netlist sorting complete. Time (s): cpu = 00:00:00 ; elapsed = 00:00:00 . Memory (MB): peak = 892.793 ; gain = 0.000
INFO: [Project 1-111] Unisim Transformation Summary:
No Unisim elements were transformed.

7 Infos, 0 Warnings, 0 Critical Warnings and 0 Errors encountered.
link_design completed successfully
link_design: Time (s): cpu = 00:00:03 ; elapsed = 00:00:05 . Memory (MB): peak = 892.793 ; gain = 509.285
Command: opt_design
Attempting to get a license for feature 'Implementation' and/or device 'xc7a12ti'
INFO: [Common 17-349] Got license for feature 'Implementation' and/or device 'xc7a12ti'
Running DRC as a precondition to command opt_design

Starting DRC Task
INFO: [DRC 23-27] Running DRC with 2 threads
INFO: [Project 1-461] DRC finished with 0 Errors
INFO: [Project 1-462] Please refer to the DRC report (report_drc) for more information.

Time (s): cpu = 00:00:01 ; elapsed = 00:00:01 . Memory (MB): peak = 915.777 ; gain = 22.984

Starting Cache Timing Information Task
INFO: [Timing 38-35] Done setting XDC timing constraints.
Ending Cache Timing Information Task | Checksum: 18aa893bd

Time (s): cpu = 00:00:04 ; elapsed = 00:00:07 . Memory (MB): peak = 1383.680 ; gain = 467.902

Starting Logic Optimization Task

Phase 1 Retarget
INFO: [Opt 31-138] Pushed 0 inverter(s) to 0 load pin(s).
INFO: [Opt 31-49] Retargeted 0 cell(s).
Phase 1 Retarget | Checksum: 18aa893bd

Time (s): cpu = 00:00:00 ; elapsed = 00:00:00.057 . Memory (MB): peak = 1718.879 ; gain = 0.000
INFO: [Opt 31-389] Phase Retarget created 0 cells and removed 0 cells

Phase 2 Constant propagation
INFO: [Opt 31-138] Pushed 0 inverter(s) to 0 load pin(s).
Phase 2 Constant propagation | Checksum: 18aa893bd

Time (s): cpu = 00:00:00 ; elapsed = 00:00:00.061 . Memory (MB): peak = 1718.879 ; gain = 0.000
INFO: [Opt 31-389] Phase Constant propagation created 0 cells and removed 0 cells

Phase 3 Sweep
Phase 3 Sweep | Checksum: 15e468582

Time (s): cpu = 00:00:00 ; elapsed = 00:00:00.070 . Memory (MB): peak = 1718.879 ; gain = 0.000
INFO: [Opt 31-389] Phase Sweep created 0 cells and removed 0 cells

Phase 4 BUFG optimization
Phase 4 BUFG optimization | Checksum: 15e468582

Time (s): cpu = 00:00:00 ; elapsed = 00:00:00.112 . Memory (MB): peak = 1718.879 ; gain = 0.000
INFO: [Opt 31-662] Phase BUFG optimization created 0 cells of which 0 are BUFGs and removed 0 cells.

Phase 5 Shift Register Optimization
INFO: [Opt 31-1064] SRL Remap converted 0 SRLs to 0 registers and converted 0 registers of register chains to 0 SRLs
Phase 5 Shift Register Optimization | Checksum: 15e468582

Time (s): cpu = 00:00:00 ; elapsed = 00:00:00.113 . Memory (MB): peak = 1718.879 ; gain = 0.000
INFO: [Opt 31-389] Phase Shift Register Optimization created 0 cells and removed 0 cells

Phase 6 Post Processing Netlist
Phase 6 Post Processing Netlist | Checksum: 15e468582

Time (s): cpu = 00:00:00 ; elapsed = 00:00:00.115 . Memory (MB): peak = 1718.879 ; gain = 0.000
INFO: [Opt 31-389] Phase Post Processing Netlist created 0 cells and removed 0 cells
Opt_design Change Summary
=========================


-------------------------------------------------------------------------------------------------------------------------
|  Phase                        |  #Cells created  |  #Cells Removed  |  #Constrained objects preventing optimizations  |
-------------------------------------------------------------------------------------------------------------------------
|  Retarget                     |               0  |               0  |                                              0  |
|  Constant propagation         |               0  |               0  |                                              0  |
|  Sweep                        |               0  |               0  |                                              0  |
|  BUFG optimization            |               0  |               0  |                                              0  |
|  Shift Register Optimization  |               0  |               0  |                                              0  |
|  Post Processing Netlist      |               0  |               0  |                                              0  |
-------------------------------------------------------------------------------------------------------------------------



Starting Connectivity Check Task

Time (s): cpu = 00:00:00 ; elapsed = 00:00:00.001 . Memory (MB): peak = 1718.879 ; gain = 0.000
Ending Logic Optimization Task | Checksum: 1a886af4d

Time (s): cpu = 00:00:00 ; elapsed = 00:00:00.143 . Memory (MB): peak = 1718.879 ; gain = 0.000

Starting Power Optimization Task
INFO: [Pwropt 34-132] Skipping clock gating for clocks with a period < 2.00 ns.
Ending Power Optimization Task | Checksum: 1a886af4d

Time (s): cpu = 00:00:00 ; elapsed = 00:00:00.009 . Memory (MB): peak = 1718.879 ; gain = 0.000

Starting Final Cleanup Task
Ending Final Cleanup Task | Checksum: 1a886af4d

Time (s): cpu = 00:00:00 ; elapsed = 00:00:00 . Memory (MB): peak = 1718.879 ; gain = 0.000

Starting Netlist Obfuscation Task
Netlist sorting complete. Time (s): cpu = 00:00:00 ; elapsed = 00:00:00.001 . Memory (MB): peak = 1718.879 ; gain = 0.000
Ending Netlist Obfuscation Task | Checksum: 1a886af4d

Time (s): cpu = 00:00:00 ; elapsed = 00:00:00.001 . Memory (MB): peak = 1718.879 ; gain = 0.000
INFO: [Common 17-83] Releasing license: Implementation
24 Infos, 0 Warnings, 0 Critical Warnings and 0 Errors encountered.
opt_design completed successfully
opt_design: Time (s): cpu = 00:00:07 ; elapsed = 00:00:11 . Memory (MB): peak = 1718.879 ; gain = 826.086
INFO: [Timing 38-480] Writing timing data to binary archive.
INFO: [Common 17-1381] The checkpoint 'D:/4th_semestr/fourth_semestr/Schematics/Pr_2/PR_2/PR_2.runs/impl_1/main_opt.dcp' has been generated.
INFO: [runtcl-4] Executing : report_drc -file main_drc_opted.rpt -pb main_drc_opted.pb -rpx main_drc_opted.rpx
Command: report_drc -file main_drc_opted.rpt -pb main_drc_opted.pb -rpx main_drc_opted.rpx
INFO: [IP_Flow 19-234] Refreshing IP repositories
INFO: [IP_Flow 19-1704] No user IP repositories specified
INFO: [IP_Flow 19-2313] Loaded Vivado IP repository 'D:/Xilinx_Windows_Unpacked_2022_2/Xilinx_Windows_Unpacked_2022_2/Vivado/2022.2/data/ip'.
INFO: [DRC 23-27] Running DRC with 2 threads
INFO: [Vivado_Tcl 2-168] The results of DRC are in file D:/4th_semestr/fourth_semestr/Schematics/Pr_2/PR_2/PR_2.runs/impl_1/main_drc_opted.rpt.
report_drc completed successfully
Command: place_design
Attempting to get a license for feature 'Implementation' and/or device 'xc7a12ti'
INFO: [Common 17-349] Got license for feature 'Implementation' and/or device 'xc7a12ti'
INFO: [DRC 23-27] Running DRC with 2 threads
INFO: [Vivado_Tcl 4-198] DRC finished with 0 Errors
INFO: [Vivado_Tcl 4-199] Please refer to the DRC report (report_drc) for more information.
Running DRC as a precondition to command place_design
INFO: [DRC 23-27] Running DRC with 2 threads
INFO: [Vivado_Tcl 4-198] DRC finished with 0 Errors
INFO: [Vivado_Tcl 4-199] Please refer to the DRC report (report_drc) for more information.

Starting Placer Task
INFO: [Place 30-611] Multithreading enabled for place_design using a maximum of 2 CPUs

Phase 1 Placer Initialization

Phase 1.1 Placer Initialization Netlist Sorting
Netlist sorting complete. Time (s): cpu = 00:00:00 ; elapsed = 00:00:00 . Memory (MB): peak = 1718.879 ; gain = 0.000
Phase 1.1 Placer Initialization Netlist Sorting | Checksum: e28f7805

Time (s): cpu = 00:00:00 ; elapsed = 00:00:00.004 . Memory (MB): peak = 1718.879 ; gain = 0.000
Netlist sorting complete. Time (s): cpu = 00:00:00 ; elapsed = 00:00:00 . Memory (MB): peak = 1718.879 ; gain = 0.000

Phase 1.2 IO Placement/ Clock Placement/ Build Placer Device
INFO: [Timing 38-35] Done setting XDC timing constraints.
Phase 1.2 IO Placement/ Clock Placement/ Build Placer Device | Checksum: a2f8c6c2

Time (s): cpu = 00:00:00 ; elapsed = 00:00:00.306 . Memory (MB): peak = 1718.879 ; gain = 0.000

Phase 1.3 Build Placer Netlist Model
Phase 1.3 Build Placer Netlist Model | Checksum: 199447816

Time (s): cpu = 00:00:00 ; elapsed = 00:00:00.549 . Memory (MB): peak = 1718.879 ; gain = 0.000

Phase 1.4 Constrain Clocks/Macros
Phase 1.4 Constrain Clocks/Macros | Checksum: 199447816

Time (s): cpu = 00:00:00 ; elapsed = 00:00:00.550 . Memory (MB): peak = 1718.879 ; gain = 0.000
Phase 1 Placer Initialization | Checksum: 199447816

Time (s): cpu = 00:00:00 ; elapsed = 00:00:00.552 . Memory (MB): peak = 1718.879 ; gain = 0.000

Phase 2 Global Placement

Phase 2.1 Floorplanning
Phase 2.1 Floorplanning | Checksum: c5056bf6

Time (s): cpu = 00:00:00 ; elapsed = 00:00:00.767 . Memory (MB): peak = 1718.879 ; gain = 0.000

Phase 2.2 Update Timing before SLR Path Opt
Phase 2.2 Update Timing before SLR Path Opt | Checksum: 15bbf8a77

Time (s): cpu = 00:00:00 ; elapsed = 00:00:00.848 . Memory (MB): peak = 1718.879 ; gain = 0.000

Phase 2.3 Post-Processing in Floorplanning
Phase 2.3 Post-Processing in Floorplanning | Checksum: 15bbf8a77

Time (s): cpu = 00:00:00 ; elapsed = 00:00:00.850 . Memory (MB): peak = 1718.879 ; gain = 0.000

Phase 2.4 Global Placement Core

Phase 2.4.1 UpdateTiming Before Physical Synthesis
Phase 2.4.1 UpdateTiming Before Physical Synthesis | Checksum: 15a054ee7

Time (s): cpu = 00:00:01 ; elapsed = 00:00:03 . Memory (MB): peak = 1718.879 ; gain = 0.000

Phase 2.4.2 Physical Synthesis In Placer
INFO: [Physopt 32-1044] Break lutnm for timing: one critical 0, two critical 0, total 0, new lutff created 0
INFO: [Physopt 32-1138] End 1 Pass. Optimized 0 net or LUT. Breaked 0 LUT, combined 0 existing LUT and moved 0 existing LUT
INFO: [Physopt 32-65] No nets found for high-fanout optimization.
INFO: [Physopt 32-232] Optimized 0 net. Created 0 new instance.
INFO: [Physopt 32-775] End 1 Pass. Optimized 0 net or cell. Created 0 new cell, deleted 0 existing cell and moved 0 existing cell
INFO: [Physopt 32-456] No candidate cells for DSP register optimization found in the design.
INFO: [Physopt 32-775] End 2 Pass. Optimized 0 net or cell. Created 0 new cell, deleted 0 existing cell and moved 0 existing cell
INFO: [Physopt 32-1123] No candidate cells found for Shift Register to Pipeline optimization
INFO: [Physopt 32-775] End 2 Pass. Optimized 0 net or cell. Created 0 new cell, deleted 0 existing cell and moved 0 existing cell
INFO: [Physopt 32-677] No candidate cells for Shift Register optimization found in the design
INFO: [Physopt 32-775] End 1 Pass. Optimized 0 net or cell. Created 0 new cell, deleted 0 existing cell and moved 0 existing cell
INFO: [Physopt 32-526] No candidate cells for BRAM register optimization found in the design
INFO: [Physopt 32-775] End 1 Pass. Optimized 0 net or cell. Created 0 new cell, deleted 0 existing cell and moved 0 existing cell
INFO: [Physopt 32-846] No candidate cells for URAM register optimization found in the design
INFO: [Physopt 32-775] End 2 Pass. Optimized 0 net or cell. Created 0 new cell, deleted 0 existing cell and moved 0 existing cell
INFO: [Physopt 32-949] No candidate nets found for dynamic/static region interface net replication
INFO: [Physopt 32-775] End 1 Pass. Optimized 0 net or cell. Created 0 new cell, deleted 0 existing cell and moved 0 existing cell
Netlist sorting complete. Time (s): cpu = 00:00:00 ; elapsed = 00:00:00 . Memory (MB): peak = 1718.879 ; gain = 0.000

Summary of Physical Synthesis Optimizations
============================================


-----------------------------------------------------------------------------------------------------------------------------------------------------------
|  Optimization                                     |  Added Cells  |  Removed Cells  |  Optimized Cells/Nets  |  Dont Touch  |  Iterations  |  Elapsed   |
-----------------------------------------------------------------------------------------------------------------------------------------------------------
|  LUT Combining                                    |            0  |              0  |                     0  |           0  |           1  |  00:00:00  |
|  Retime                                           |            0  |              0  |                     0  |           0  |           1  |  00:00:00  |
|  Very High Fanout                                 |            0  |              0  |                     0  |           0  |           1  |  00:00:00  |
|  DSP Register                                     |            0  |              0  |                     0  |           0  |           1  |  00:00:00  |
|  Shift Register to Pipeline                       |            0  |              0  |                     0  |           0  |           1  |  00:00:00  |
|  Shift Register                                   |            0  |              0  |                     0  |           0  |           1  |  00:00:00  |
|  BRAM Register                                    |            0  |              0  |                     0  |           0  |           1  |  00:00:00  |
|  URAM Register                                    |            0  |              0  |                     0  |           0  |           1  |  00:00:00  |
|  Dynamic/Static Region Interface Net Replication  |            0  |              0  |                     0  |           0  |           1  |  00:00:00  |
|  Total                                            |            0  |              0  |                     0  |           0  |           9  |  00:00:00  |
-----------------------------------------------------------------------------------------------------------------------------------------------------------


Phase 2.4.2 Physical Synthesis In Placer | Checksum: 15a054ee7

Time (s): cpu = 00:00:01 ; elapsed = 00:00:03 . Memory (MB): peak = 1718.879 ; gain = 0.000
Phase 2.4 Global Placement Core | Checksum: f8fd5e25

Time (s): cpu = 00:00:01 ; elapsed = 00:00:03 . Memory (MB): peak = 1718.879 ; gain = 0.000
Phase 2 Global Placement | Checksum: f8fd5e25

Time (s): cpu = 00:00:01 ; elapsed = 00:00:03 . Memory (MB): peak = 1718.879 ; gain = 0.000

Phase 3 Detail Placement

Phase 3.1 Commit Multi Column Macros
Phase 3.1 Commit Multi Column Macros | Checksum: 1abcc2ed0

Time (s): cpu = 00:00:01 ; elapsed = 00:00:03 . Memory (MB): peak = 1718.879 ; gain = 0.000

Phase 3.2 Commit Most Macros & LUTRAMs
Phase 3.2 Commit Most Macros & LUTRAMs | Checksum: 2630638e6

Time (s): cpu = 00:00:01 ; elapsed = 00:00:03 . Memory (MB): peak = 1718.879 ; gain = 0.000

Phase 3.3 Area Swap Optimization
Phase 3.3 Area Swap Optimization | Checksum: 2186ed3f2

Time (s): cpu = 00:00:01 ; elapsed = 00:00:03 . Memory (MB): peak = 1718.879 ; gain = 0.000

Phase 3.4 Pipeline Register Optimization
Phase 3.4 Pipeline Register Optimization | Checksum: 1b0f1ada6

Time (s): cpu = 00:00:01 ; elapsed = 00:00:03 . Memory (MB): peak = 1718.879 ; gain = 0.000

Phase 3.5 Fast Optimization
Phase 3.5 Fast Optimization | Checksum: 1f161102a

Time (s): cpu = 00:00:01 ; elapsed = 00:00:05 . Memory (MB): peak = 1718.879 ; gain = 0.000

Phase 3.6 Small Shape Detail Placement
Phase 3.6 Small Shape Detail Placement | Checksum: c100dfbc

Time (s): cpu = 00:00:02 ; elapsed = 00:00:05 . Memory (MB): peak = 1718.879 ; gain = 0.000

Phase 3.7 Re-assign LUT pins
Phase 3.7 Re-assign LUT pins | Checksum: 125de93e2

Time (s): cpu = 00:00:02 ; elapsed = 00:00:05 . Memory (MB): peak = 1718.879 ; gain = 0.000

Phase 3.8 Pipeline Register Optimization
Phase 3.8 Pipeline Register Optimization | Checksum: 1cd5bb22e

Time (s): cpu = 00:00:02 ; elapsed = 00:00:05 . Memory (MB): peak = 1718.879 ; gain = 0.000

Phase 3.9 Fast Optimization
Phase 3.9 Fast Optimization | Checksum: 2323be5e5

Time (s): cpu = 00:00:02 ; elapsed = 00:00:07 . Memory (MB): peak = 1718.879 ; gain = 0.000
Phase 3 Detail Placement | Checksum: 2323be5e5

Time (s): cpu = 00:00:02 ; elapsed = 00:00:07 . Memory (MB): peak = 1718.879 ; gain = 0.000

Phase 4 Post Placement Optimization and Clean-Up

Phase 4.1 Post Commit Optimization
INFO: [Timing 38-35] Done setting XDC timing constraints.

Phase 4.1.1 Post Placement Optimization
Post Placement Optimization Initialization | Checksum: 189192ad9

Phase 4.1.1.1 BUFG Insertion

Starting Physical Synthesis Task

Phase 1 Physical Synthesis Initialization
INFO: [Physopt 32-721] Multithreading enabled for phys_opt_design using a maximum of 2 CPUs
INFO: [Physopt 32-619] Estimated Timing Summary | WNS=-30.515 | TNS=-1072.686 |
Phase 1 Physical Synthesis Initialization | Checksum: 18424f679

Time (s): cpu = 00:00:00 ; elapsed = 00:00:00.025 . Memory (MB): peak = 1721.082 ; gain = 0.000
INFO: [Place 46-56] BUFG insertion identified 0 candidate nets. Inserted BUFG: 0, Replicated BUFG Driver: 0, Skipped due to Placement/Routing Conflicts: 0, Skipped due to Timing Degradation: 0, Skipped due to Illegal Netlist: 0.
Ending Physical Synthesis Task | Checksum: 20d066efe

Time (s): cpu = 00:00:00 ; elapsed = 00:00:00.028 . Memory (MB): peak = 1721.082 ; gain = 0.000
Phase 4.1.1.1 BUFG Insertion | Checksum: 189192ad9

Time (s): cpu = 00:00:02 ; elapsed = 00:00:07 . Memory (MB): peak = 1721.082 ; gain = 2.203

Phase 4.1.1.2 Post Placement Timing Optimization
INFO: [Place 30-746] Post Placement Timing Summary WNS=-29.732. For the most accurate timing information please run report_timing.
Phase 4.1.1.2 Post Placement Timing Optimization | Checksum: 20c47f3e1

Time (s): cpu = 00:00:06 ; elapsed = 00:00:13 . Memory (MB): peak = 1721.082 ; gain = 2.203

Time (s): cpu = 00:00:06 ; elapsed = 00:00:13 . Memory (MB): peak = 1721.082 ; gain = 2.203
Phase 4.1 Post Commit Optimization | Checksum: 20c47f3e1

Time (s): cpu = 00:00:06 ; elapsed = 00:00:13 . Memory (MB): peak = 1721.082 ; gain = 2.203

Phase 4.2 Post Placement Cleanup
Phase 4.2 Post Placement Cleanup | Checksum: 20c47f3e1

Time (s): cpu = 00:00:06 ; elapsed = 00:00:13 . Memory (MB): peak = 1721.082 ; gain = 2.203

Phase 4.3 Placer Reporting

Phase 4.3.1 Print Estimated Congestion
INFO: [Place 30-612] Post-Placement Estimated Congestion 
 ____________________________________________________
|           | Global Congestion | Short Congestion  |
| Direction | Region Size       | Region Size       |
|___________|___________________|___________________|
|      North|                1x1|                1x1|
|___________|___________________|___________________|
|      South|                1x1|                1x1|
|___________|___________________|___________________|
|       East|                1x1|                1x1|
|___________|___________________|___________________|
|       West|                1x1|                1x1|
|___________|___________________|___________________|

Phase 4.3.1 Print Estimated Congestion | Checksum: 20c47f3e1

Time (s): cpu = 00:00:06 ; elapsed = 00:00:13 . Memory (MB): peak = 1721.082 ; gain = 2.203
Phase 4.3 Placer Reporting | Checksum: 20c47f3e1

Time (s): cpu = 00:00:06 ; elapsed = 00:00:13 . Memory (MB): peak = 1721.082 ; gain = 2.203

Phase 4.4 Final Placement Cleanup
Netlist sorting complete. Time (s): cpu = 00:00:00 ; elapsed = 00:00:00.001 . Memory (MB): peak = 1721.082 ; gain = 0.000

Time (s): cpu = 00:00:06 ; elapsed = 00:00:13 . Memory (MB): peak = 1721.082 ; gain = 2.203
Phase 4 Post Placement Optimization and Clean-Up | Checksum: 272b39fd8

Time (s): cpu = 00:00:06 ; elapsed = 00:00:13 . Memory (MB): peak = 1721.082 ; gain = 2.203
Ending Placer Task | Checksum: 17df93989

Time (s): cpu = 00:00:06 ; elapsed = 00:00:13 . Memory (MB): peak = 1721.082 ; gain = 2.203
INFO: [Common 17-83] Releasing license: Implementation
65 Infos, 0 Warnings, 0 Critical Warnings and 0 Errors encountered.
place_design completed successfully
place_design: Time (s): cpu = 00:00:07 ; elapsed = 00:00:14 . Memory (MB): peak = 1721.082 ; gain = 2.203
INFO: [Timing 38-480] Writing timing data to binary archive.
Writing XDEF routing.
Writing XDEF routing logical nets.
Writing XDEF routing special nets.
Write XDEF Complete: Time (s): cpu = 00:00:00 ; elapsed = 00:00:00.076 . Memory (MB): peak = 1722.094 ; gain = 1.012
INFO: [Common 17-1381] The checkpoint 'D:/4th_semestr/fourth_semestr/Schematics/Pr_2/PR_2/PR_2.runs/impl_1/main_placed.dcp' has been generated.
INFO: [runtcl-4] Executing : report_io -file main_io_placed.rpt
report_io: Time (s): cpu = 00:00:00 ; elapsed = 00:00:00.078 . Memory (MB): peak = 1722.094 ; gain = 0.000
INFO: [runtcl-4] Executing : report_utilization -file main_utilization_placed.rpt -pb main_utilization_placed.pb
INFO: [runtcl-4] Executing : report_control_sets -verbose -file main_control_sets_placed.rpt
report_control_sets: Time (s): cpu = 00:00:00 ; elapsed = 00:00:00.002 . Memory (MB): peak = 1722.094 ; gain = 0.000
Command: phys_opt_design
Attempting to get a license for feature 'Implementation' and/or device 'xc7a12ti'
INFO: [Common 17-349] Got license for feature 'Implementation' and/or device 'xc7a12ti'

Starting Initial Update Timing Task

Time (s): cpu = 00:00:00 ; elapsed = 00:00:00.066 . Memory (MB): peak = 1722.094 ; gain = 0.000
INFO: [Vivado_Tcl 4-1435] PhysOpt_Tcl_Interface Runtime Before Starting Physical Synthesis Task | CPU: 0.00s |  WALL: 0.08s
Netlist sorting complete. Time (s): cpu = 00:00:00 ; elapsed = 00:00:00 . Memory (MB): peak = 1722.094 ; gain = 0.000

Starting Physical Synthesis Task

Phase 1 Physical Synthesis Initialization
INFO: [Physopt 32-721] Multithreading enabled for phys_opt_design using a maximum of 2 CPUs
INFO: [Physopt 32-619] Estimated Timing Summary | WNS=-30.058 | TNS=-1064.521 |
Phase 1 Physical Synthesis Initialization | Checksum: 19fd5604f

Time (s): cpu = 00:00:00 ; elapsed = 00:00:00.112 . Memory (MB): peak = 1722.094 ; gain = 0.000
INFO: [Physopt 32-619] Estimated Timing Summary | WNS=-30.058 | TNS=-1064.521 |

Phase 2 DSP Register Optimization
INFO: [Physopt 32-456] No candidate cells for DSP register optimization found in the design.
INFO: [Physopt 32-775] End 2 Pass. Optimized 0 net or cell. Created 0 new cell, deleted 0 existing cell and moved 0 existing cell
Phase 2 DSP Register Optimization | Checksum: 19fd5604f

Time (s): cpu = 00:00:00 ; elapsed = 00:00:00.131 . Memory (MB): peak = 1722.094 ; gain = 0.000

Phase 3 Critical Path Optimization
INFO: [Physopt 32-619] Estimated Timing Summary | WNS=-30.058 | TNS=-1064.521 |
INFO: [Physopt 32-702] Processed net out_OBUF[0]. Optimizations did not improve timing on the net.
INFO: [Physopt 32-81] Processed net d_r[0]. Replicated 1 times.
INFO: [Physopt 32-735] Processed net d_r[0]. Optimization improves timing on the net.
INFO: [Physopt 32-619] Estimated Timing Summary | WNS=-30.052 | TNS=-1064.305 |
INFO: [Physopt 32-81] Processed net d_r[0]. Replicated 4 times.
INFO: [Physopt 32-735] Processed net d_r[0]. Optimization improves timing on the net.
INFO: [Physopt 32-619] Estimated Timing Summary | WNS=-30.045 | TNS=-1064.053 |
INFO: [Physopt 32-81] Processed net d_r[1]. Replicated 1 times.
INFO: [Physopt 32-735] Processed net d_r[1]. Optimization improves timing on the net.
INFO: [Physopt 32-619] Estimated Timing Summary | WNS=-30.039 | TNS=-1063.837 |
INFO: [Physopt 32-81] Processed net d_r[1]. Replicated 5 times.
INFO: [Physopt 32-735] Processed net d_r[1]. Optimization improves timing on the net.
INFO: [Physopt 32-619] Estimated Timing Summary | WNS=-30.030 | TNS=-1063.513 |
INFO: [Physopt 32-702] Processed net d_r[0]. Optimizations did not improve timing on the net.
INFO: [Physopt 32-663] Processed net out[17]_i_5_n_0.  Re-placed instance out[17]_i_5
INFO: [Physopt 32-735] Processed net out[17]_i_5_n_0. Optimization improves timing on the net.
INFO: [Physopt 32-619] Estimated Timing Summary | WNS=-29.982 | TNS=-1062.649 |
INFO: [Physopt 32-608] Optimized 1 net.  Swapped 4 pins.
INFO: [Physopt 32-735] Processed net out[17]_i_5_n_0. Optimization improves timing on the net.
INFO: [Physopt 32-619] Estimated Timing Summary | WNS=-29.977 | TNS=-1062.559 |
INFO: [Physopt 32-702] Processed net out1__0[13]. Optimizations did not improve timing on the net.
INFO: [Physopt 32-702] Processed net out_reg[17]_i_9_n_0. Optimizations did not improve timing on the net.
INFO: [Physopt 32-702] Processed net out_reg[17]_i_8_n_0. Optimizations did not improve timing on the net.
INFO: [Physopt 32-702] Processed net out_reg[17]_i_7_n_0. Optimizations did not improve timing on the net.
INFO: [Physopt 32-702] Processed net out[17]_i_26_n_0. Optimizations did not improve timing on the net.
INFO: [Physopt 32-702] Processed net out2[0]. Optimizations did not improve timing on the net.
INFO: [Physopt 32-702] Processed net out_reg[17]_i_74_n_0. Optimizations did not improve timing on the net.
INFO: [Physopt 32-702] Processed net out_reg[17]_i_160_n_0. Optimizations did not improve timing on the net.
INFO: [Physopt 32-702] Processed net out_reg[17]_i_254_n_0. Optimizations did not improve timing on the net.
INFO: [Physopt 32-702] Processed net out_reg[17]_i_348_n_0. Optimizations did not improve timing on the net.
INFO: [Physopt 32-702] Processed net out[17]_i_420_n_0. Optimizations did not improve timing on the net.
INFO: [Physopt 32-702] Processed net out2[1]. Optimizations did not improve timing on the net.
INFO: [Physopt 32-702] Processed net out_reg[17]_i_70_n_0. Optimizations did not improve timing on the net.
INFO: [Physopt 32-702] Processed net out_reg[17]_i_155_n_0. Optimizations did not improve timing on the net.
INFO: [Physopt 32-702] Processed net out_reg[17]_i_249_n_0. Optimizations did not improve timing on the net.
INFO: [Physopt 32-702] Processed net out_reg[17]_i_343_n_0. Optimizations did not improve timing on the net.
INFO: [Physopt 32-702] Processed net out[17]_i_416_n_0. Optimizations did not improve timing on the net.
INFO: [Physopt 32-702] Processed net out2[2]. Optimizations did not improve timing on the net.
INFO: [Physopt 32-702] Processed net out_reg[17]_i_66_n_0. Optimizations did not improve timing on the net.
INFO: [Physopt 32-702] Processed net out_reg[17]_i_150_n_0. Optimizations did not improve timing on the net.
INFO: [Physopt 32-702] Processed net out_reg[17]_i_244_n_0. Optimizations did not improve timing on the net.
INFO: [Physopt 32-702] Processed net out_reg[17]_i_338_n_0. Optimizations did not improve timing on the net.
INFO: [Physopt 32-702] Processed net out[17]_i_413_n_0. Optimizations did not improve timing on the net.
INFO: [Physopt 32-702] Processed net out2[3]. Optimizations did not improve timing on the net.
INFO: [Physopt 32-702] Processed net out_reg[17]_i_61_n_0. Optimizations did not improve timing on the net.
INFO: [Physopt 32-702] Processed net out_reg[17]_i_139_n_0. Optimizations did not improve timing on the net.
INFO: [Physopt 32-702] Processed net out_reg[17]_i_228_n_0. Optimizations did not improve timing on the net.
INFO: [Physopt 32-702] Processed net out_reg[17]_i_317_n_0. Optimizations did not improve timing on the net.
INFO: [Physopt 32-702] Processed net out[17]_i_398_n_0. Optimizations did not improve timing on the net.
INFO: [Physopt 32-702] Processed net out2[4]. Optimizations did not improve timing on the net.
INFO: [Physopt 32-702] Processed net out_reg[17]_i_62_n_0. Optimizations did not improve timing on the net.
INFO: [Physopt 32-702] Processed net out_reg[17]_i_140_n_0. Optimizations did not improve timing on the net.
INFO: [Physopt 32-702] Processed net out_reg[17]_i_229_n_0. Optimizations did not improve timing on the net.
INFO: [Physopt 32-702] Processed net out_reg[17]_i_318_n_0. Optimizations did not improve timing on the net.
INFO: [Physopt 32-702] Processed net out[17]_i_401_n_0. Optimizations did not improve timing on the net.
INFO: [Physopt 32-702] Processed net out2[5]. Optimizations did not improve timing on the net.
INFO: [Physopt 32-702] Processed net out_reg[17]_i_86_n_0. Optimizations did not improve timing on the net.
INFO: [Physopt 32-702] Processed net out_reg[17]_i_145_n_0. Optimizations did not improve timing on the net.
INFO: [Physopt 32-702] Processed net out_reg[17]_i_234_n_0. Optimizations did not improve timing on the net.
INFO: [Physopt 32-702] Processed net out_reg[17]_i_323_n_0. Optimizations did not improve timing on the net.
INFO: [Physopt 32-702] Processed net out[17]_i_404_n_0. Optimizations did not improve timing on the net.
INFO: [Physopt 32-702] Processed net out2[6]. Optimizations did not improve timing on the net.
INFO: [Physopt 32-702] Processed net out_reg[17]_i_82_n_0. Optimizations did not improve timing on the net.
INFO: [Physopt 32-702] Processed net out_reg[17]_i_176_n_0. Optimizations did not improve timing on the net.
INFO: [Physopt 32-702] Processed net out_reg[17]_i_239_n_0. Optimizations did not improve timing on the net.
INFO: [Physopt 32-702] Processed net out_reg[17]_i_328_n_0. Optimizations did not improve timing on the net.
INFO: [Physopt 32-702] Processed net out[17]_i_407_n_0. Optimizations did not improve timing on the net.
INFO: [Physopt 32-702] Processed net out2[7]. Optimizations did not improve timing on the net.
INFO: [Physopt 32-702] Processed net out_reg[17]_i_77_n_0. Optimizations did not improve timing on the net.
INFO: [Physopt 32-702] Processed net out_reg[17]_i_165_n_0. Optimizations did not improve timing on the net.
INFO: [Physopt 32-702] Processed net out_reg[17]_i_259_n_0. Optimizations did not improve timing on the net.
INFO: [Physopt 32-702] Processed net out_reg[17]_i_333_n_0. Optimizations did not improve timing on the net.
INFO: [Physopt 32-702] Processed net out[17]_i_410_n_0. Optimizations did not improve timing on the net.
INFO: [Physopt 32-702] Processed net out2[8]. Optimizations did not improve timing on the net.
INFO: [Physopt 32-702] Processed net out_reg[17]_i_78_n_0. Optimizations did not improve timing on the net.
INFO: [Physopt 32-702] Processed net out_reg[17]_i_166_n_0. Optimizations did not improve timing on the net.
INFO: [Physopt 32-702] Processed net out_reg[17]_i_260_n_0. Optimizations did not improve timing on the net.
INFO: [Physopt 32-702] Processed net out_reg[17]_i_353_n_0. Optimizations did not improve timing on the net.
INFO: [Physopt 32-608] Optimized 1 net.  Swapped 12 pins.
INFO: [Physopt 32-735] Processed net out[17]_i_423_n_0. Optimization improves timing on the net.
INFO: [Physopt 32-619] Estimated Timing Summary | WNS=-29.744 | TNS=-1054.171 |
INFO: [Physopt 32-702] Processed net out[17]_i_423_n_0. Optimizations did not improve timing on the net.
INFO: [Physopt 32-702] Processed net out2[9]. Optimizations did not improve timing on the net.
INFO: [Physopt 32-702] Processed net out_reg[17]_i_101_n_0. Optimizations did not improve timing on the net.
INFO: [Physopt 32-702] Processed net out_reg[17]_i_171_n_0. Optimizations did not improve timing on the net.
INFO: [Physopt 32-702] Processed net out_reg[17]_i_265_n_0. Optimizations did not improve timing on the net.
INFO: [Physopt 32-702] Processed net out_reg[17]_i_358_n_0. Optimizations did not improve timing on the net.
INFO: [Physopt 32-608] Optimized 1 net.  Swapped 12 pins.
INFO: [Physopt 32-735] Processed net out[17]_i_426_n_0. Optimization improves timing on the net.
INFO: [Physopt 32-619] Estimated Timing Summary | WNS=-29.526 | TNS=-1046.323 |
INFO: [Physopt 32-702] Processed net out[17]_i_426_n_0. Optimizations did not improve timing on the net.
INFO: [Physopt 32-702] Processed net out2[10]. Optimizations did not improve timing on the net.
INFO: [Physopt 32-702] Processed net out_reg[17]_i_97_n_0. Optimizations did not improve timing on the net.
INFO: [Physopt 32-702] Processed net out_reg[17]_i_190_n_0. Optimizations did not improve timing on the net.
INFO: [Physopt 32-702] Processed net out_reg[17]_i_270_n_0. Optimizations did not improve timing on the net.
INFO: [Physopt 32-702] Processed net out_reg[17]_i_363_n_0. Optimizations did not improve timing on the net.
INFO: [Physopt 32-702] Processed net out[17]_i_429_n_0. Optimizations did not improve timing on the net.
INFO: [Physopt 32-702] Processed net out2[11]. Optimizations did not improve timing on the net.
INFO: [Physopt 32-702] Processed net out_reg[17]_i_93_n_0. Optimizations did not improve timing on the net.
INFO: [Physopt 32-702] Processed net out_reg[17]_i_185_n_0. Optimizations did not improve timing on the net.
INFO: [Physopt 32-702] Processed net out_reg[17]_i_279_n_0. Optimizations did not improve timing on the net.
INFO: [Physopt 32-608] Optimized 1 net.  Swapped 15 pins.
INFO: [Physopt 32-735] Processed net out[17]_i_376_n_0. Optimization improves timing on the net.
INFO: [Physopt 32-619] Estimated Timing Summary | WNS=-29.434 | TNS=-1043.011 |
INFO: [Physopt 32-702] Processed net out_reg[17]_i_368_n_0. Optimizations did not improve timing on the net.
INFO: [Physopt 32-702] Processed net out[17]_i_432_n_0. Optimizations did not improve timing on the net.
INFO: [Physopt 32-702] Processed net out2[12]. Optimizations did not improve timing on the net.
INFO: [Physopt 32-702] Processed net out_reg[17]_i_57_n_0. Optimizations did not improve timing on the net.
INFO: [Physopt 32-702] Processed net out_reg[17]_i_134_n_0. Optimizations did not improve timing on the net.
INFO: [Physopt 32-702] Processed net out_reg[17]_i_223_n_0. Optimizations did not improve timing on the net.
INFO: [Physopt 32-702] Processed net out_reg[17]_i_312_n_0. Optimizations did not improve timing on the net.
INFO: [Physopt 32-702] Processed net out[17]_i_395_n_0. Optimizations did not improve timing on the net.
INFO: [Physopt 32-702] Processed net out2[13]. Optimizations did not improve timing on the net.
INFO: [Physopt 32-702] Processed net out_reg[17]_i_53_n_0. Optimizations did not improve timing on the net.
INFO: [Physopt 32-702] Processed net out_reg[17]_i_129_n_0. Optimizations did not improve timing on the net.
INFO: [Physopt 32-702] Processed net out_reg[17]_i_218_n_0. Optimizations did not improve timing on the net.
INFO: [Physopt 32-702] Processed net out_reg[17]_i_307_n_0. Optimizations did not improve timing on the net.
INFO: [Physopt 32-608] Optimized 1 net.  Swapped 13 pins.
INFO: [Physopt 32-735] Processed net out[17]_i_392_n_0. Optimization improves timing on the net.
INFO: [Physopt 32-619] Estimated Timing Summary | WNS=-29.299 | TNS=-1038.151 |
INFO: [Physopt 32-608] Optimized 1 net.  Swapped 13 pins.
INFO: [Physopt 32-735] Processed net out[17]_i_390_n_0. Optimization improves timing on the net.
INFO: [Physopt 32-619] Estimated Timing Summary | WNS=-29.156 | TNS=-1033.003 |
INFO: [Physopt 32-608] Optimized 1 net.  Swapped 16 pins.
INFO: [Physopt 32-735] Processed net out[17]_i_311_n_0. Optimization improves timing on the net.
INFO: [Physopt 32-619] Estimated Timing Summary | WNS=-29.075 | TNS=-1030.087 |
INFO: [Physopt 32-608] Optimized 1 net.  Swapped 16 pins.
INFO: [Physopt 32-735] Processed net out[17]_i_308_n_0. Optimization improves timing on the net.
INFO: [Physopt 32-619] Estimated Timing Summary | WNS=-29.066 | TNS=-1029.763 |
INFO: [Physopt 32-702] Processed net out[17]_i_390_n_0. Optimizations did not improve timing on the net.
INFO: [Physopt 32-702] Processed net out2[14]. Optimizations did not improve timing on the net.
INFO: [Physopt 32-702] Processed net out_reg[17]_i_49_n_0. Optimizations did not improve timing on the net.
INFO: [Physopt 32-702] Processed net out_reg[17]_i_124_n_0. Optimizations did not improve timing on the net.
INFO: [Physopt 32-702] Processed net out_reg[17]_i_213_n_0. Optimizations did not improve timing on the net.
INFO: [Physopt 32-608] Optimized 1 net.  Swapped 15 pins.
INFO: [Physopt 32-735] Processed net out[17]_i_306_n_0. Optimization improves timing on the net.
INFO: [Physopt 32-619] Estimated Timing Summary | WNS=-28.974 | TNS=-1026.451 |
INFO: [Physopt 32-702] Processed net out_reg[17]_i_302_n_0. Optimizations did not improve timing on the net.
INFO: [Physopt 32-702] Processed net out[17]_i_389_n_0. Optimizations did not improve timing on the net.
INFO: [Physopt 32-702] Processed net out2[15]. Optimizations did not improve timing on the net.
INFO: [Physopt 32-702] Processed net out_reg[17]_i_43_n_0. Optimizations did not improve timing on the net.
INFO: [Physopt 32-702] Processed net out_reg[17]_i_108_n_0. Optimizations did not improve timing on the net.
INFO: [Physopt 32-702] Processed net out_reg[17]_i_199_n_0. Optimizations did not improve timing on the net.
INFO: [Physopt 32-702] Processed net out_reg[17]_i_288_n_0. Optimizations did not improve timing on the net.
INFO: [Physopt 32-702] Processed net out[17]_i_379_n_0. Optimizations did not improve timing on the net.
INFO: [Physopt 32-702] Processed net out2[16]. Optimizations did not improve timing on the net.
INFO: [Physopt 32-702] Processed net out_reg[17]_i_45_n_0. Optimizations did not improve timing on the net.
INFO: [Physopt 32-702] Processed net out_reg[17]_i_109_n_0. Optimizations did not improve timing on the net.
INFO: [Physopt 32-702] Processed net out_reg[17]_i_200_n_0. Optimizations did not improve timing on the net.
INFO: [Physopt 32-702] Processed net out_reg[17]_i_289_n_0. Optimizations did not improve timing on the net.
INFO: [Physopt 32-702] Processed net out[17]_i_386_n_0. Optimizations did not improve timing on the net.
INFO: [Physopt 32-608] Optimized 1 net.  Swapped 24 pins.
INFO: [Physopt 32-735] Processed net out[17]_i_1_n_0. Optimization improves timing on the net.
INFO: [Physopt 32-619] Estimated Timing Summary | WNS=-28.929 | TNS=-1025.641 |
INFO: [Physopt 32-663] Processed net out[17]_i_6_n_0.  Re-placed instance out[17]_i_6
INFO: [Physopt 32-735] Processed net out[17]_i_6_n_0. Optimization improves timing on the net.
INFO: [Physopt 32-619] Estimated Timing Summary | WNS=-28.878 | TNS=-1024.723 |
INFO: [Physopt 32-663] Processed net out[17]_i_5_n_0.  Re-placed instance out[17]_i_5
INFO: [Physopt 32-735] Processed net out[17]_i_5_n_0. Optimization improves timing on the net.
INFO: [Physopt 32-619] Estimated Timing Summary | WNS=-28.874 | TNS=-1024.651 |
INFO: [Physopt 32-702] Processed net out1__0[15]. Optimizations did not improve timing on the net.
INFO: [Physopt 32-702] Processed net out[17]_i_1_n_0. Optimizations did not improve timing on the net.
INFO: [Physopt 32-702] Processed net clk_IBUF. Optimizations did not improve timing on the net.
INFO: [Physopt 32-702] Processed net clk. Optimizations did not improve timing on the net.
INFO: [Physopt 32-702] Processed net out_OBUF[0]. Optimizations did not improve timing on the net.
INFO: [Physopt 32-702] Processed net d_r[0]. Optimizations did not improve timing on the net.
INFO: [Physopt 32-702] Processed net out1__0[15]. Optimizations did not improve timing on the net.
INFO: [Physopt 32-702] Processed net out[17]_i_26_n_0. Optimizations did not improve timing on the net.
INFO: [Physopt 32-702] Processed net out2[0]. Optimizations did not improve timing on the net.
INFO: [Physopt 32-702] Processed net out[17]_i_420_n_0. Optimizations did not improve timing on the net.
INFO: [Physopt 32-702] Processed net out2[1]. Optimizations did not improve timing on the net.
INFO: [Physopt 32-702] Processed net out[17]_i_416_n_0. Optimizations did not improve timing on the net.
INFO: [Physopt 32-702] Processed net out2[2]. Optimizations did not improve timing on the net.
INFO: [Physopt 32-702] Processed net out[17]_i_413_n_0. Optimizations did not improve timing on the net.
INFO: [Physopt 32-702] Processed net out2[3]. Optimizations did not improve timing on the net.
INFO: [Physopt 32-702] Processed net out[17]_i_398_n_0. Optimizations did not improve timing on the net.
INFO: [Physopt 32-702] Processed net out2[4]. Optimizations did not improve timing on the net.
INFO: [Physopt 32-702] Processed net out[17]_i_401_n_0. Optimizations did not improve timing on the net.
INFO: [Physopt 32-702] Processed net out2[5]. Optimizations did not improve timing on the net.
INFO: [Physopt 32-702] Processed net out[17]_i_404_n_0. Optimizations did not improve timing on the net.
INFO: [Physopt 32-702] Processed net out2[6]. Optimizations did not improve timing on the net.
INFO: [Physopt 32-702] Processed net out[17]_i_407_n_0. Optimizations did not improve timing on the net.
INFO: [Physopt 32-702] Processed net out2[7]. Optimizations did not improve timing on the net.
INFO: [Physopt 32-702] Processed net out[17]_i_410_n_0. Optimizations did not improve timing on the net.
INFO: [Physopt 32-702] Processed net out2[8]. Optimizations did not improve timing on the net.
INFO: [Physopt 32-702] Processed net out[17]_i_423_n_0. Optimizations did not improve timing on the net.
INFO: [Physopt 32-702] Processed net out2[9]. Optimizations did not improve timing on the net.
INFO: [Physopt 32-702] Processed net out[17]_i_426_n_0. Optimizations did not improve timing on the net.
INFO: [Physopt 32-702] Processed net out2[10]. Optimizations did not improve timing on the net.
INFO: [Physopt 32-702] Processed net out[17]_i_429_n_0. Optimizations did not improve timing on the net.
INFO: [Physopt 32-702] Processed net out2[11]. Optimizations did not improve timing on the net.
INFO: [Physopt 32-702] Processed net out[17]_i_432_n_0. Optimizations did not improve timing on the net.
INFO: [Physopt 32-702] Processed net out2[12]. Optimizations did not improve timing on the net.
INFO: [Physopt 32-702] Processed net out[17]_i_395_n_0. Optimizations did not improve timing on the net.
INFO: [Physopt 32-702] Processed net out2[13]. Optimizations did not improve timing on the net.
INFO: [Physopt 32-702] Processed net out[17]_i_390_n_0. Optimizations did not improve timing on the net.
INFO: [Physopt 32-702] Processed net out2[14]. Optimizations did not improve timing on the net.
INFO: [Physopt 32-702] Processed net out[17]_i_389_n_0. Optimizations did not improve timing on the net.
INFO: [Physopt 32-702] Processed net out2[15]. Optimizations did not improve timing on the net.
INFO: [Physopt 32-702] Processed net out[17]_i_379_n_0. Optimizations did not improve timing on the net.
INFO: [Physopt 32-702] Processed net out2[16]. Optimizations did not improve timing on the net.
INFO: [Physopt 32-702] Processed net out[17]_i_386_n_0. Optimizations did not improve timing on the net.
INFO: [Physopt 32-702] Processed net out[17]_i_1_n_0. Optimizations did not improve timing on the net.
INFO: [Physopt 32-702] Processed net clk_IBUF. Optimizations did not improve timing on the net.
INFO: [Physopt 32-702] Processed net clk. Optimizations did not improve timing on the net.
INFO: [Physopt 32-619] Estimated Timing Summary | WNS=-28.874 | TNS=-1024.651 |
Phase 3 Critical Path Optimization | Checksum: 19fd5604f

Time (s): cpu = 00:00:02 ; elapsed = 00:00:04 . Memory (MB): peak = 1725.516 ; gain = 3.422

Phase 4 Critical Path Optimization
INFO: [Physopt 32-619] Estimated Timing Summary | WNS=-28.874 | TNS=-1024.651 |
INFO: [Physopt 32-702] Processed net out_OBUF[0]. Optimizations did not improve timing on the net.
INFO: [Physopt 32-702] Processed net d_r[0]. Optimizations did not improve timing on the net.
INFO: [Physopt 32-702] Processed net out1__0[15]. Optimizations did not improve timing on the net.
INFO: [Physopt 32-702] Processed net out_reg[17]_i_9_n_0. Optimizations did not improve timing on the net.
INFO: [Physopt 32-702] Processed net out_reg[17]_i_8_n_0. Optimizations did not improve timing on the net.
INFO: [Physopt 32-702] Processed net out_reg[17]_i_7_n_0. Optimizations did not improve timing on the net.
INFO: [Physopt 32-702] Processed net out[17]_i_26_n_0. Optimizations did not improve timing on the net.
INFO: [Physopt 32-702] Processed net out2[0]. Optimizations did not improve timing on the net.
INFO: [Physopt 32-702] Processed net out_reg[17]_i_74_n_0. Optimizations did not improve timing on the net.
INFO: [Physopt 32-702] Processed net out_reg[17]_i_160_n_0. Optimizations did not improve timing on the net.
INFO: [Physopt 32-702] Processed net out_reg[17]_i_254_n_0. Optimizations did not improve timing on the net.
INFO: [Physopt 32-702] Processed net out_reg[17]_i_348_n_0. Optimizations did not improve timing on the net.
INFO: [Physopt 32-702] Processed net out[17]_i_420_n_0. Optimizations did not improve timing on the net.
INFO: [Physopt 32-702] Processed net out2[1]. Optimizations did not improve timing on the net.
INFO: [Physopt 32-702] Processed net out_reg[17]_i_70_n_0. Optimizations did not improve timing on the net.
INFO: [Physopt 32-702] Processed net out_reg[17]_i_155_n_0. Optimizations did not improve timing on the net.
INFO: [Physopt 32-702] Processed net out_reg[17]_i_249_n_0. Optimizations did not improve timing on the net.
INFO: [Physopt 32-702] Processed net out_reg[17]_i_343_n_0. Optimizations did not improve timing on the net.
INFO: [Physopt 32-702] Processed net out[17]_i_416_n_0. Optimizations did not improve timing on the net.
INFO: [Physopt 32-702] Processed net out2[2]. Optimizations did not improve timing on the net.
INFO: [Physopt 32-702] Processed net out_reg[17]_i_66_n_0. Optimizations did not improve timing on the net.
INFO: [Physopt 32-702] Processed net out_reg[17]_i_150_n_0. Optimizations did not improve timing on the net.
INFO: [Physopt 32-702] Processed net out_reg[17]_i_244_n_0. Optimizations did not improve timing on the net.
INFO: [Physopt 32-702] Processed net out_reg[17]_i_338_n_0. Optimizations did not improve timing on the net.
INFO: [Physopt 32-702] Processed net out[17]_i_413_n_0. Optimizations did not improve timing on the net.
INFO: [Physopt 32-702] Processed net out2[3]. Optimizations did not improve timing on the net.
INFO: [Physopt 32-702] Processed net out_reg[17]_i_61_n_0. Optimizations did not improve timing on the net.
INFO: [Physopt 32-702] Processed net out_reg[17]_i_139_n_0. Optimizations did not improve timing on the net.
INFO: [Physopt 32-702] Processed net out_reg[17]_i_228_n_0. Optimizations did not improve timing on the net.
INFO: [Physopt 32-702] Processed net out_reg[17]_i_317_n_0. Optimizations did not improve timing on the net.
INFO: [Physopt 32-702] Processed net out[17]_i_398_n_0. Optimizations did not improve timing on the net.
INFO: [Physopt 32-702] Processed net out2[4]. Optimizations did not improve timing on the net.
INFO: [Physopt 32-702] Processed net out_reg[17]_i_62_n_0. Optimizations did not improve timing on the net.
INFO: [Physopt 32-702] Processed net out_reg[17]_i_140_n_0. Optimizations did not improve timing on the net.
INFO: [Physopt 32-702] Processed net out_reg[17]_i_229_n_0. Optimizations did not improve timing on the net.
INFO: [Physopt 32-702] Processed net out_reg[17]_i_318_n_0. Optimizations did not improve timing on the net.
INFO: [Physopt 32-702] Processed net out[17]_i_401_n_0. Optimizations did not improve timing on the net.
INFO: [Physopt 32-702] Processed net out2[5]. Optimizations did not improve timing on the net.
INFO: [Physopt 32-702] Processed net out_reg[17]_i_86_n_0. Optimizations did not improve timing on the net.
INFO: [Physopt 32-702] Processed net out_reg[17]_i_145_n_0. Optimizations did not improve timing on the net.
INFO: [Physopt 32-702] Processed net out_reg[17]_i_234_n_0. Optimizations did not improve timing on the net.
INFO: [Physopt 32-702] Processed net out_reg[17]_i_323_n_0. Optimizations did not improve timing on the net.
INFO: [Physopt 32-702] Processed net out[17]_i_404_n_0. Optimizations did not improve timing on the net.
INFO: [Physopt 32-702] Processed net out2[6]. Optimizations did not improve timing on the net.
INFO: [Physopt 32-702] Processed net out_reg[17]_i_82_n_0. Optimizations did not improve timing on the net.
INFO: [Physopt 32-702] Processed net out_reg[17]_i_176_n_0. Optimizations did not improve timing on the net.
INFO: [Physopt 32-702] Processed net out_reg[17]_i_239_n_0. Optimizations did not improve timing on the net.
INFO: [Physopt 32-702] Processed net out_reg[17]_i_328_n_0. Optimizations did not improve timing on the net.
INFO: [Physopt 32-702] Processed net out[17]_i_407_n_0. Optimizations did not improve timing on the net.
INFO: [Physopt 32-702] Processed net out2[7]. Optimizations did not improve timing on the net.
INFO: [Physopt 32-702] Processed net out_reg[17]_i_77_n_0. Optimizations did not improve timing on the net.
INFO: [Physopt 32-702] Processed net out_reg[17]_i_165_n_0. Optimizations did not improve timing on the net.
INFO: [Physopt 32-702] Processed net out_reg[17]_i_259_n_0. Optimizations did not improve timing on the net.
INFO: [Physopt 32-702] Processed net out_reg[17]_i_333_n_0. Optimizations did not improve timing on the net.
INFO: [Physopt 32-702] Processed net out[17]_i_410_n_0. Optimizations did not improve timing on the net.
INFO: [Physopt 32-702] Processed net out2[8]. Optimizations did not improve timing on the net.
INFO: [Physopt 32-702] Processed net out_reg[17]_i_78_n_0. Optimizations did not improve timing on the net.
INFO: [Physopt 32-702] Processed net out_reg[17]_i_166_n_0. Optimizations did not improve timing on the net.
INFO: [Physopt 32-702] Processed net out_reg[17]_i_260_n_0. Optimizations did not improve timing on the net.
INFO: [Physopt 32-702] Processed net out_reg[17]_i_353_n_0. Optimizations did not improve timing on the net.
INFO: [Physopt 32-702] Processed net out[17]_i_423_n_0. Optimizations did not improve timing on the net.
INFO: [Physopt 32-702] Processed net out2[9]. Optimizations did not improve timing on the net.
INFO: [Physopt 32-702] Processed net out_reg[17]_i_101_n_0. Optimizations did not improve timing on the net.
INFO: [Physopt 32-702] Processed net out_reg[17]_i_171_n_0. Optimizations did not improve timing on the net.
INFO: [Physopt 32-702] Processed net out_reg[17]_i_265_n_0. Optimizations did not improve timing on the net.
INFO: [Physopt 32-702] Processed net out_reg[17]_i_358_n_0. Optimizations did not improve timing on the net.
INFO: [Physopt 32-702] Processed net out[17]_i_426_n_0. Optimizations did not improve timing on the net.
INFO: [Physopt 32-702] Processed net out2[10]. Optimizations did not improve timing on the net.
INFO: [Physopt 32-702] Processed net out_reg[17]_i_97_n_0. Optimizations did not improve timing on the net.
INFO: [Physopt 32-702] Processed net out_reg[17]_i_190_n_0. Optimizations did not improve timing on the net.
INFO: [Physopt 32-702] Processed net out_reg[17]_i_270_n_0. Optimizations did not improve timing on the net.
INFO: [Physopt 32-702] Processed net out_reg[17]_i_363_n_0. Optimizations did not improve timing on the net.
INFO: [Physopt 32-702] Processed net out[17]_i_429_n_0. Optimizations did not improve timing on the net.
INFO: [Physopt 32-702] Processed net out2[11]. Optimizations did not improve timing on the net.
INFO: [Physopt 32-702] Processed net out_reg[17]_i_93_n_0. Optimizations did not improve timing on the net.
INFO: [Physopt 32-702] Processed net out_reg[17]_i_185_n_0. Optimizations did not improve timing on the net.
INFO: [Physopt 32-702] Processed net out_reg[17]_i_279_n_0. Optimizations did not improve timing on the net.
INFO: [Physopt 32-702] Processed net out_reg[17]_i_368_n_0. Optimizations did not improve timing on the net.
INFO: [Physopt 32-702] Processed net out[17]_i_432_n_0. Optimizations did not improve timing on the net.
INFO: [Physopt 32-702] Processed net out2[12]. Optimizations did not improve timing on the net.
INFO: [Physopt 32-702] Processed net out_reg[17]_i_57_n_0. Optimizations did not improve timing on the net.
INFO: [Physopt 32-702] Processed net out_reg[17]_i_134_n_0. Optimizations did not improve timing on the net.
INFO: [Physopt 32-702] Processed net out_reg[17]_i_223_n_0. Optimizations did not improve timing on the net.
INFO: [Physopt 32-702] Processed net out_reg[17]_i_312_n_0. Optimizations did not improve timing on the net.
INFO: [Physopt 32-702] Processed net out[17]_i_395_n_0. Optimizations did not improve timing on the net.
INFO: [Physopt 32-702] Processed net out2[13]. Optimizations did not improve timing on the net.
INFO: [Physopt 32-702] Processed net out_reg[17]_i_53_n_0. Optimizations did not improve timing on the net.
INFO: [Physopt 32-702] Processed net out_reg[17]_i_129_n_0. Optimizations did not improve timing on the net.
INFO: [Physopt 32-702] Processed net out_reg[17]_i_218_n_0. Optimizations did not improve timing on the net.
INFO: [Physopt 32-702] Processed net out_reg[17]_i_307_n_0. Optimizations did not improve timing on the net.
INFO: [Physopt 32-702] Processed net out[17]_i_390_n_0. Optimizations did not improve timing on the net.
INFO: [Physopt 32-702] Processed net out2[14]. Optimizations did not improve timing on the net.
INFO: [Physopt 32-702] Processed net out_reg[17]_i_49_n_0. Optimizations did not improve timing on the net.
INFO: [Physopt 32-702] Processed net out_reg[17]_i_124_n_0. Optimizations did not improve timing on the net.
INFO: [Physopt 32-702] Processed net out_reg[17]_i_213_n_0. Optimizations did not improve timing on the net.
INFO: [Physopt 32-702] Processed net out_reg[17]_i_302_n_0. Optimizations did not improve timing on the net.
INFO: [Physopt 32-702] Processed net out[17]_i_389_n_0. Optimizations did not improve timing on the net.
INFO: [Physopt 32-702] Processed net out2[15]. Optimizations did not improve timing on the net.
INFO: [Physopt 32-702] Processed net out_reg[17]_i_43_n_0. Optimizations did not improve timing on the net.
INFO: [Physopt 32-702] Processed net out_reg[17]_i_108_n_0. Optimizations did not improve timing on the net.
INFO: [Physopt 32-702] Processed net out_reg[17]_i_199_n_0. Optimizations did not improve timing on the net.
INFO: [Physopt 32-702] Processed net out_reg[17]_i_288_n_0. Optimizations did not improve timing on the net.
INFO: [Physopt 32-702] Processed net out[17]_i_379_n_0. Optimizations did not improve timing on the net.
INFO: [Physopt 32-702] Processed net out2[16]. Optimizations did not improve timing on the net.
INFO: [Physopt 32-702] Processed net out_reg[17]_i_45_n_0. Optimizations did not improve timing on the net.
INFO: [Physopt 32-702] Processed net out_reg[17]_i_109_n_0. Optimizations did not improve timing on the net.
INFO: [Physopt 32-702] Processed net out_reg[17]_i_200_n_0. Optimizations did not improve timing on the net.
INFO: [Physopt 32-702] Processed net out_reg[17]_i_289_n_0. Optimizations did not improve timing on the net.
INFO: [Physopt 32-702] Processed net out[17]_i_386_n_0. Optimizations did not improve timing on the net.
INFO: [Physopt 32-702] Processed net out[17]_i_1_n_0. Optimizations did not improve timing on the net.
INFO: [Physopt 32-702] Processed net clk_IBUF. Optimizations did not improve timing on the net.
INFO: [Physopt 32-702] Processed net clk. Optimizations did not improve timing on the net.
INFO: [Physopt 32-702] Processed net out_OBUF[0]. Optimizations did not improve timing on the net.
INFO: [Physopt 32-702] Processed net d_r[0]. Optimizations did not improve timing on the net.
INFO: [Physopt 32-702] Processed net out1__0[15]. Optimizations did not improve timing on the net.
INFO: [Physopt 32-702] Processed net out[17]_i_26_n_0. Optimizations did not improve timing on the net.
INFO: [Physopt 32-702] Processed net out2[0]. Optimizations did not improve timing on the net.
INFO: [Physopt 32-702] Processed net out[17]_i_420_n_0. Optimizations did not improve timing on the net.
INFO: [Physopt 32-702] Processed net out2[1]. Optimizations did not improve timing on the net.
INFO: [Physopt 32-702] Processed net out[17]_i_416_n_0. Optimizations did not improve timing on the net.
INFO: [Physopt 32-702] Processed net out2[2]. Optimizations did not improve timing on the net.
INFO: [Physopt 32-702] Processed net out[17]_i_413_n_0. Optimizations did not improve timing on the net.
INFO: [Physopt 32-702] Processed net out2[3]. Optimizations did not improve timing on the net.
INFO: [Physopt 32-702] Processed net out[17]_i_398_n_0. Optimizations did not improve timing on the net.
INFO: [Physopt 32-702] Processed net out2[4]. Optimizations did not improve timing on the net.
INFO: [Physopt 32-702] Processed net out[17]_i_401_n_0. Optimizations did not improve timing on the net.
INFO: [Physopt 32-702] Processed net out2[5]. Optimizations did not improve timing on the net.
INFO: [Physopt 32-702] Processed net out[17]_i_404_n_0. Optimizations did not improve timing on the net.
INFO: [Physopt 32-702] Processed net out2[6]. Optimizations did not improve timing on the net.
INFO: [Physopt 32-702] Processed net out[17]_i_407_n_0. Optimizations did not improve timing on the net.
INFO: [Physopt 32-702] Processed net out2[7]. Optimizations did not improve timing on the net.
INFO: [Physopt 32-702] Processed net out[17]_i_410_n_0. Optimizations did not improve timing on the net.
INFO: [Physopt 32-702] Processed net out2[8]. Optimizations did not improve timing on the net.
INFO: [Physopt 32-702] Processed net out[17]_i_423_n_0. Optimizations did not improve timing on the net.
INFO: [Physopt 32-702] Processed net out2[9]. Optimizations did not improve timing on the net.
INFO: [Physopt 32-702] Processed net out[17]_i_426_n_0. Optimizations did not improve timing on the net.
INFO: [Physopt 32-702] Processed net out2[10]. Optimizations did not improve timing on the net.
INFO: [Physopt 32-702] Processed net out[17]_i_429_n_0. Optimizations did not improve timing on the net.
INFO: [Physopt 32-702] Processed net out2[11]. Optimizations did not improve timing on the net.
INFO: [Physopt 32-702] Processed net out[17]_i_432_n_0. Optimizations did not improve timing on the net.
INFO: [Physopt 32-702] Processed net out2[12]. Optimizations did not improve timing on the net.
INFO: [Physopt 32-702] Processed net out[17]_i_395_n_0. Optimizations did not improve timing on the net.
INFO: [Physopt 32-702] Processed net out2[13]. Optimizations did not improve timing on the net.
INFO: [Physopt 32-702] Processed net out[17]_i_390_n_0. Optimizations did not improve timing on the net.
INFO: [Physopt 32-702] Processed net out2[14]. Optimizations did not improve timing on the net.
INFO: [Physopt 32-702] Processed net out[17]_i_389_n_0. Optimizations did not improve timing on the net.
INFO: [Physopt 32-702] Processed net out2[15]. Optimizations did not improve timing on the net.
INFO: [Physopt 32-702] Processed net out[17]_i_379_n_0. Optimizations did not improve timing on the net.
INFO: [Physopt 32-702] Processed net out2[16]. Optimizations did not improve timing on the net.
INFO: [Physopt 32-702] Processed net out[17]_i_386_n_0. Optimizations did not improve timing on the net.
INFO: [Physopt 32-702] Processed net out[17]_i_1_n_0. Optimizations did not improve timing on the net.
INFO: [Physopt 32-702] Processed net clk_IBUF. Optimizations did not improve timing on the net.
INFO: [Physopt 32-702] Processed net clk. Optimizations did not improve timing on the net.
INFO: [Physopt 32-619] Estimated Timing Summary | WNS=-28.874 | TNS=-1024.651 |
Phase 4 Critical Path Optimization | Checksum: 19fd5604f

Time (s): cpu = 00:00:02 ; elapsed = 00:00:04 . Memory (MB): peak = 1725.516 ; gain = 3.422
Netlist sorting complete. Time (s): cpu = 00:00:00 ; elapsed = 00:00:00.004 . Memory (MB): peak = 1725.516 ; gain = 0.000
INFO: [Physopt 32-603] Post Physical Optimization Timing Summary | WNS=-28.874 | TNS=-1024.651 |

Summary of Physical Synthesis Optimizations
============================================


-------------------------------------------------------------------------------------------------------------------------------------------------------------
|  Optimization   |  WNS Gain (ns)  |  TNS Gain (ns)  |  Added Cells  |  Removed Cells  |  Optimized Cells/Nets  |  Dont Touch  |  Iterations  |  Elapsed   |
-------------------------------------------------------------------------------------------------------------------------------------------------------------
|  DSP Register   |          0.000  |          0.000  |            0  |              0  |                     0  |           0  |           1  |  00:00:00  |
|  Critical Path  |          1.184  |         39.870  |           11  |              0  |                    17  |           0  |           2  |  00:00:04  |
|  Total          |          1.184  |         39.870  |           11  |              0  |                    17  |           0  |           3  |  00:00:04  |
-------------------------------------------------------------------------------------------------------------------------------------------------------------


Netlist sorting complete. Time (s): cpu = 00:00:00 ; elapsed = 00:00:00 . Memory (MB): peak = 1725.516 ; gain = 0.000
Ending Physical Synthesis Task | Checksum: 2357af252

Time (s): cpu = 00:00:02 ; elapsed = 00:00:04 . Memory (MB): peak = 1725.516 ; gain = 3.422
INFO: [Common 17-83] Releasing license: Implementation
441 Infos, 0 Warnings, 0 Critical Warnings and 0 Errors encountered.
phys_opt_design completed successfully
INFO: [Timing 38-480] Writing timing data to binary archive.
Writing XDEF routing.
Writing XDEF routing logical nets.
Writing XDEF routing special nets.
Write XDEF Complete: Time (s): cpu = 00:00:00 ; elapsed = 00:00:00.078 . Memory (MB): peak = 1734.359 ; gain = 8.844
INFO: [Common 17-1381] The checkpoint 'D:/4th_semestr/fourth_semestr/Schematics/Pr_2/PR_2/PR_2.runs/impl_1/main_physopt.dcp' has been generated.
Command: route_design
Attempting to get a license for feature 'Implementation' and/or device 'xc7a12ti'
INFO: [Common 17-349] Got license for feature 'Implementation' and/or device 'xc7a12ti'
INFO: [DRC 23-27] Running DRC with 2 threads
INFO: [Vivado_Tcl 4-198] DRC finished with 0 Errors
INFO: [Vivado_Tcl 4-199] Please refer to the DRC report (report_drc) for more information.
Running DRC as a precondition to command route_design
INFO: [DRC 23-27] Running DRC with 2 threads
INFO: [Vivado_Tcl 4-198] DRC finished with 0 Errors
INFO: [Vivado_Tcl 4-199] Please refer to the DRC report (report_drc) for more information.


Starting Routing Task
INFO: [Route 35-254] Multithreading enabled for route_design using a maximum of 2 CPUs

Phase 1 Build RT Design
Checksum: PlaceDB: f1777411 ConstDB: 0 ShapeSum: ca51d2f3 RouteDB: 0
Post Restoration Checksum: NetGraph: cd9701dc NumContArr: 93897a3 Constraints: 0 Timing: 0
Phase 1 Build RT Design | Checksum: d6cf997f

Time (s): cpu = 00:00:10 ; elapsed = 00:00:13 . Memory (MB): peak = 1784.164 ; gain = 39.699

Phase 2 Router Initialization

Phase 2.1 Fix Topology Constraints
Phase 2.1 Fix Topology Constraints | Checksum: d6cf997f

Time (s): cpu = 00:00:10 ; elapsed = 00:00:13 . Memory (MB): peak = 1790.215 ; gain = 45.750

Phase 2.2 Pre Route Cleanup
Phase 2.2 Pre Route Cleanup | Checksum: d6cf997f

Time (s): cpu = 00:00:10 ; elapsed = 00:00:13 . Memory (MB): peak = 1790.215 ; gain = 45.750
 Number of Nodes with overlaps = 0

Phase 2.3 Update Timing
Phase 2.3 Update Timing | Checksum: 23e6e09f0

Time (s): cpu = 00:00:10 ; elapsed = 00:00:13 . Memory (MB): peak = 1794.039 ; gain = 49.574
INFO: [Route 35-416] Intermediate Timing Summary | WNS=-27.867| TNS=-987.871| WHS=0.261  | THS=0.000  |


Router Utilization Summary
  Global Vertical Routing Utilization    = 0 %
  Global Horizontal Routing Utilization  = 0 %
  Routable Net Status*
  *Does not include unroutable nets such as driverless and loadless.
  Run report_route_status for detailed report.
  Number of Failed Nets               = 595
    (Failed Nets is the sum of unrouted and partially routed nets)
  Number of Unrouted Nets             = 595
  Number of Partially Routed Nets     = 0
  Number of Node Overlaps             = 0

Phase 2 Router Initialization | Checksum: 1ae4262b3

Time (s): cpu = 00:00:10 ; elapsed = 00:00:13 . Memory (MB): peak = 1794.504 ; gain = 50.039

Phase 3 Initial Routing

Phase 3.1 Global Routing
Phase 3.1 Global Routing | Checksum: 1ae4262b3

Time (s): cpu = 00:00:10 ; elapsed = 00:00:13 . Memory (MB): peak = 1794.504 ; gain = 50.039
Phase 3 Initial Routing | Checksum: 1266cf576

Time (s): cpu = 00:00:10 ; elapsed = 00:00:13 . Memory (MB): peak = 1794.508 ; gain = 50.043

Phase 4 Rip-up And Reroute

Phase 4.1 Global Iteration 0
 Number of Nodes with overlaps = 188
 Number of Nodes with overlaps = 87
 Number of Nodes with overlaps = 35
 Number of Nodes with overlaps = 24
 Number of Nodes with overlaps = 12
 Number of Nodes with overlaps = 7
 Number of Nodes with overlaps = 1
 Number of Nodes with overlaps = 0
INFO: [Route 35-416] Intermediate Timing Summary | WNS=-29.787| TNS=-1055.709| WHS=N/A    | THS=N/A    |

Phase 4.1 Global Iteration 0 | Checksum: dbdacaee

Time (s): cpu = 00:00:11 ; elapsed = 00:00:15 . Memory (MB): peak = 1794.508 ; gain = 50.043

Phase 4.2 Global Iteration 1
 Number of Nodes with overlaps = 270
 Number of Nodes with overlaps = 59
 Number of Nodes with overlaps = 36
 Number of Nodes with overlaps = 18
 Number of Nodes with overlaps = 14
 Number of Nodes with overlaps = 9
 Number of Nodes with overlaps = 4
 Number of Nodes with overlaps = 5
 Number of Nodes with overlaps = 0
INFO: [Route 35-416] Intermediate Timing Summary | WNS=-29.703| TNS=-1056.255| WHS=N/A    | THS=N/A    |

Phase 4.2 Global Iteration 1 | Checksum: 1308b1ddb

Time (s): cpu = 00:00:11 ; elapsed = 00:00:17 . Memory (MB): peak = 1794.508 ; gain = 50.043
Phase 4 Rip-up And Reroute | Checksum: 1308b1ddb

Time (s): cpu = 00:00:11 ; elapsed = 00:00:17 . Memory (MB): peak = 1794.508 ; gain = 50.043

Phase 5 Delay and Skew Optimization

Phase 5.1 Delay CleanUp

Phase 5.1.1 Update Timing
Phase 5.1.1 Update Timing | Checksum: 1b3ab229c

Time (s): cpu = 00:00:11 ; elapsed = 00:00:17 . Memory (MB): peak = 1794.508 ; gain = 50.043
INFO: [Route 35-416] Intermediate Timing Summary | WNS=-29.624| TNS=-1053.411| WHS=N/A    | THS=N/A    |

 Number of Nodes with overlaps = 0
Phase 5.1 Delay CleanUp | Checksum: 1907ebcd6

Time (s): cpu = 00:00:12 ; elapsed = 00:00:17 . Memory (MB): peak = 1802.551 ; gain = 58.086

Phase 5.2 Clock Skew Optimization
Phase 5.2 Clock Skew Optimization | Checksum: 1907ebcd6

Time (s): cpu = 00:00:12 ; elapsed = 00:00:17 . Memory (MB): peak = 1802.551 ; gain = 58.086
Phase 5 Delay and Skew Optimization | Checksum: 1907ebcd6

Time (s): cpu = 00:00:12 ; elapsed = 00:00:17 . Memory (MB): peak = 1802.551 ; gain = 58.086

Phase 6 Post Hold Fix

Phase 6.1 Hold Fix Iter

Phase 6.1.1 Update Timing
Phase 6.1.1 Update Timing | Checksum: 16177eae6

Time (s): cpu = 00:00:12 ; elapsed = 00:00:17 . Memory (MB): peak = 1802.551 ; gain = 58.086
INFO: [Route 35-416] Intermediate Timing Summary | WNS=-29.478| TNS=-1047.938| WHS=0.712  | THS=0.000  |

Phase 6.1 Hold Fix Iter | Checksum: 16177eae6

Time (s): cpu = 00:00:12 ; elapsed = 00:00:17 . Memory (MB): peak = 1802.551 ; gain = 58.086
Phase 6 Post Hold Fix | Checksum: 16177eae6

Time (s): cpu = 00:00:12 ; elapsed = 00:00:17 . Memory (MB): peak = 1802.551 ; gain = 58.086

Phase 7 Route finalize

Router Utilization Summary
  Global Vertical Routing Utilization    = 0.892682 %
  Global Horizontal Routing Utilization  = 0.751548 %
  Routable Net Status*
  *Does not include unroutable nets such as driverless and loadless.
  Run report_route_status for detailed report.
  Number of Failed Nets               = 0
    (Failed Nets is the sum of unrouted and partially routed nets)
  Number of Unrouted Nets             = 0
  Number of Partially Routed Nets     = 0
  Number of Node Overlaps             = 0

Congestion Report
North Dir 1x1 Area, Max Cong = 27.027%, No Congested Regions.
South Dir 1x1 Area, Max Cong = 36.9369%, No Congested Regions.
East Dir 1x1 Area, Max Cong = 26.4706%, No Congested Regions.
West Dir 1x1 Area, Max Cong = 44.1176%, No Congested Regions.

------------------------------
Reporting congestion hotspots
------------------------------
Direction: North
----------------
Congested clusters found at Level 0
Effective congestion level: 0 Aspect Ratio: 1 Sparse Ratio: 0
Direction: South
----------------
Congested clusters found at Level 0
Effective congestion level: 0 Aspect Ratio: 1 Sparse Ratio: 0
Direction: East
----------------
Congested clusters found at Level 0
Effective congestion level: 0 Aspect Ratio: 1 Sparse Ratio: 0
Direction: West
----------------
Congested clusters found at Level 0
Effective congestion level: 0 Aspect Ratio: 1 Sparse Ratio: 0

Phase 7 Route finalize | Checksum: 12cb0a27f

Time (s): cpu = 00:00:12 ; elapsed = 00:00:17 . Memory (MB): peak = 1802.551 ; gain = 58.086

Phase 8 Verifying routed nets

 Verification completed successfully
Phase 8 Verifying routed nets | Checksum: 12cb0a27f

Time (s): cpu = 00:00:12 ; elapsed = 00:00:17 . Memory (MB): peak = 1802.551 ; gain = 58.086

Phase 9 Depositing Routes
Phase 9 Depositing Routes | Checksum: 1b620f781

Time (s): cpu = 00:00:12 ; elapsed = 00:00:17 . Memory (MB): peak = 1802.551 ; gain = 58.086

Phase 10 Post Router Timing
INFO: [Route 35-57] Estimated Timing Summary | WNS=-29.478| TNS=-1047.938| WHS=0.712  | THS=0.000  |

WARNING: [Route 35-328] Router estimated timing not met.
Resolution: For a complete and accurate timing signoff, report_timing_summary must be run after route_design. Alternatively, route_design can be run with the -timing_summary option to enable a complete timing signoff at the end of route_design.
Phase 10 Post Router Timing | Checksum: 1b620f781

Time (s): cpu = 00:00:12 ; elapsed = 00:00:17 . Memory (MB): peak = 1802.551 ; gain = 58.086
INFO: [Route 35-16] Router Completed Successfully

Time (s): cpu = 00:00:12 ; elapsed = 00:00:17 . Memory (MB): peak = 1802.551 ; gain = 58.086

Routing Is Done.
INFO: [Common 17-83] Releasing license: Implementation
459 Infos, 1 Warnings, 0 Critical Warnings and 0 Errors encountered.
route_design completed successfully
route_design: Time (s): cpu = 00:00:13 ; elapsed = 00:00:18 . Memory (MB): peak = 1802.551 ; gain = 68.191
INFO: [Timing 38-480] Writing timing data to binary archive.
Writing XDEF routing.
Writing XDEF routing logical nets.
Writing XDEF routing special nets.
Write XDEF Complete: Time (s): cpu = 00:00:00 ; elapsed = 00:00:00.086 . Memory (MB): peak = 1812.824 ; gain = 10.273
INFO: [Common 17-1381] The checkpoint 'D:/4th_semestr/fourth_semestr/Schematics/Pr_2/PR_2/PR_2.runs/impl_1/main_routed.dcp' has been generated.
INFO: [runtcl-4] Executing : report_drc -file main_drc_routed.rpt -pb main_drc_routed.pb -rpx main_drc_routed.rpx
Command: report_drc -file main_drc_routed.rpt -pb main_drc_routed.pb -rpx main_drc_routed.rpx
INFO: [IP_Flow 19-1839] IP Catalog is up to date.
INFO: [DRC 23-27] Running DRC with 2 threads
INFO: [Vivado_Tcl 2-168] The results of DRC are in file D:/4th_semestr/fourth_semestr/Schematics/Pr_2/PR_2/PR_2.runs/impl_1/main_drc_routed.rpt.
report_drc completed successfully
INFO: [runtcl-4] Executing : report_methodology -file main_methodology_drc_routed.rpt -pb main_methodology_drc_routed.pb -rpx main_methodology_drc_routed.rpx
Command: report_methodology -file main_methodology_drc_routed.rpt -pb main_methodology_drc_routed.pb -rpx main_methodology_drc_routed.rpx
INFO: [Timing 38-35] Done setting XDC timing constraints.
INFO: [DRC 23-133] Running Methodology with 2 threads
INFO: [Vivado_Tcl 2-1520] The results of Report Methodology are in file D:/4th_semestr/fourth_semestr/Schematics/Pr_2/PR_2/PR_2.runs/impl_1/main_methodology_drc_routed.rpt.
report_methodology completed successfully
INFO: [runtcl-4] Executing : report_power -file main_power_routed.rpt -pb main_power_summary_routed.pb -rpx main_power_routed.rpx
Command: report_power -file main_power_routed.rpt -pb main_power_summary_routed.pb -rpx main_power_routed.rpx
INFO: [Timing 38-35] Done setting XDC timing constraints.
Running Vector-less Activity Propagation...

Finished Running Vector-less Activity Propagation
471 Infos, 1 Warnings, 0 Critical Warnings and 0 Errors encountered.
report_power completed successfully
INFO: [runtcl-4] Executing : report_route_status -file main_route_status.rpt -pb main_route_status.pb
INFO: [runtcl-4] Executing : report_timing_summary -max_paths 10 -report_unconstrained -file main_timing_summary_routed.rpt -pb main_timing_summary_routed.pb -rpx main_timing_summary_routed.rpx -warn_on_violation 
INFO: [Timing 38-91] UpdateTimingParams: Speed grade: -1L, Delay Type: min_max.
INFO: [Timing 38-191] Multithreading enabled for timing update using a maximum of 2 CPUs
CRITICAL WARNING: [Timing 38-282] The design failed to meet the timing requirements. Please see the timing summary report for details on the timing violations.
INFO: [runtcl-4] Executing : report_incremental_reuse -file main_incremental_reuse_routed.rpt
INFO: [Vivado_Tcl 4-1062] Incremental flow is disabled. No incremental reuse Info to report.
INFO: [runtcl-4] Executing : report_clock_utilization -file main_clock_utilization_routed.rpt
INFO: [runtcl-4] Executing : report_bus_skew -warn_on_violation -file main_bus_skew_routed.rpt -pb main_bus_skew_routed.pb -rpx main_bus_skew_routed.rpx
INFO: [Timing 38-91] UpdateTimingParams: Speed grade: -1L, Delay Type: min_max.
INFO: [Timing 38-191] Multithreading enabled for timing update using a maximum of 2 CPUs
INFO: [Common 17-206] Exiting Vivado at Fri Feb 28 20:40:00 2025...
