INFO: [VRFC 10-2263] Analyzing Verilog file "D:/4th_semestr/fourth_semestr/Schematics/Laba 4/Laba 4/Laba 4.srcs/sources_1/new/PS2.v" into library xil_defaultlib
INFO: [VRFC 10-311] analyzing module PS2
INFO: [VRFC 10-2263] Analyzing Verilog file "D:/4th_semestr/fourth_semestr/Schematics/Laba 4/Laba 4/Laba 4.srcs/sources_1/new/PS2_DC.v" into library xil_defaultlib
INFO: [VRFC 10-311] analyzing module PS2_DC
INFO: [VRFC 10-2263] Analyzing Verilog file "D:/4th_semestr/fourth_semestr/Schematics/Laba 4/Laba 4/Laba 4.srcs/sources_1/new/PS2_Manager.v" into library xil_defaultlib
INFO: [VRFC 10-311] analyzing module PS2_Manager
INFO: [VRFC 10-2263] Analyzing Verilog file "D:/4th_semestr/fourth_semestr/Schematics/Laba 4/Laba 4/Laba 4.srcs/sources_1/new/SevenSegmentLED.v" into library xil_defaultlib
INFO: [VRFC 10-311] analyzing module SevenSegmentLED
INFO: [VRFC 10-2263] Analyzing Verilog file "D:/4th_semestr/fourth_semestr/Schematics/Laba 4/Laba 4/Laba 4.srcs/sources_1/new/clk_divider.v" into library xil_defaultlib
INFO: [VRFC 10-311] analyzing module clk_divider
INFO: [VRFC 10-2263] Analyzing Verilog file "D:/4th_semestr/fourth_semestr/Schematics/Laba 4/Laba 4/Laba 4.srcs/sources_1/new/count.v" into library xil_defaultlib
INFO: [VRFC 10-311] analyzing module count
INFO: [VRFC 10-2263] Analyzing Verilog file "D:/4th_semestr/fourth_semestr/Schematics/Laba 4/Laba 4/Laba 4.srcs/sources_1/new/dtrigger.v" into library xil_defaultlib
INFO: [VRFC 10-311] analyzing module dtrigger
INFO: [VRFC 10-2263] Analyzing Verilog file "D:/4th_semestr/fourth_semestr/Schematics/Laba 4/Laba 4/Laba 4.srcs/sources_1/new/filtercon.v" into library xil_defaultlib
INFO: [VRFC 10-311] analyzing module filtercon
INFO: [VRFC 10-2263] Analyzing Verilog file "D:/4th_semestr/fourth_semestr/Schematics/Laba 4/Laba 4/Laba 4.srcs/sources_1/new/fsm.v" into library xil_defaultlib
INFO: [VRFC 10-311] analyzing module fsm
INFO: [VRFC 10-2263] Analyzing Verilog file "D:/4th_semestr/fourth_semestr/Schematics/Laba 4/Laba 4/Laba 4.srcs/sources_1/new/main.v" into library xil_defaultlib
INFO: [VRFC 10-311] analyzing module main
INFO: [VRFC 10-2263] Analyzing Verilog file "D:/4th_semestr/fourth_semestr/Schematics/Laba 4/Laba 4/Laba 4.srcs/sources_1/new/synchro.v" into library xil_defaultlib
INFO: [VRFC 10-311] analyzing module synchro
INFO: [VRFC 10-2263] Analyzing Verilog file "D:/4th_semestr/fourth_semestr/Schematics/Laba 4/Laba 4/Laba 4.srcs/sim_1/new/test.v" into library xil_defaultlib
INFO: [VRFC 10-311] analyzing module test
